# full_snapshot_log: /root/bwb-stream2yt/diags/history/20251011T221341Z-full-snapshot.log
# started_at_utc: 2025-10-11T22:13:41Z

===== status-monitor-1 =====
# timestamp_utc: 2025-10-11T22:13:41Z
# working_dir: /root/bwb-stream2yt/scripts
# comando: env STATUS_MONITOR_OUTPUT_DIR=/root/bwb-stream2yt/diags/history ./status-monitor-debug.sh

[info] Destino: /root/bwb-stream2yt/diags/history/status-monitor-20251011T221341Z.log
[info] Concluído. Log gerado: /root/bwb-stream2yt/diags/history/status-monitor-20251011T221341Z.log

===== status-monitor-2 =====
# timestamp_utc: 2025-10-11T22:13:58Z
# working_dir: /root/bwb-stream2yt/scripts
# comando: env STATUS_MONITOR_OUTPUT_DIR=/root/bwb-stream2yt/diags/history ./status-monitor-debug.sh

[info] Destino: /root/bwb-stream2yt/diags/history/status-monitor-20251011T221358Z.log
[info] Concluído. Log gerado: /root/bwb-stream2yt/diags/history/status-monitor-20251011T221358Z.log

===== monitor-heartbeat-before =====
# timestamp_utc: 2025-10-11T22:14:15Z
# working_dir: /root/bwb-stream2yt/diags
# comando: ./monitor_heartbeat_window.py

== Monitorização dos próximos 1m00s ==
Endpoint: http://127.0.0.1:8080/status
Serviço systemd: youtube-fallback.service
Ligação ao monitor bem sucedida. A guardar amostras...

== Resultados ==
Janela analisada: 2025-10-11T22:14:15.720835+00:00 -> 2025-10-11T22:15:15.777817+00:00
Heartbeats recebidos: 0
Esperado: fallback ATIVO (sem heartbeats).
Monitor reporta fallback: INATIVO | systemd: INATIVO (inactive).
Aviso: 'systemctl is-active' devolveu código 3; saída completa acima.
❌ Monitor deveria ter activado a URL secundária após ausência de heartbeats, mas nem monitor nem serviço estão a emitir. Motivo reportado: ActiveState=inactive (dead); Result=success; ExecMainStatus=0.

===== diagnostics =====
# timestamp_utc: 2025-10-11T22:15:15Z
# working_dir: /root/bwb-stream2yt/diags
# comando: ./run_diagnostics.py

[diags] Ficheiro gerado: /root/bwb-stream2yt/diags/history/diagnostics-20251011-221515Z.txt

===== monitor-heartbeat-after =====
# timestamp_utc: 2025-10-11T22:15:25Z
# working_dir: /root/bwb-stream2yt/diags
# comando: ./monitor_heartbeat_window.py

== Monitorização dos próximos 1m00s ==
Endpoint: http://127.0.0.1:8080/status
Serviço systemd: youtube-fallback.service
Ligação ao monitor bem sucedida. A guardar amostras...

== Resultados ==
Janela analisada: 2025-10-11T22:15:25.788134+00:00 -> 2025-10-11T22:16:25.850706+00:00
Heartbeats recebidos: 0
Esperado: fallback ATIVO (sem heartbeats).
Monitor reporta fallback: INATIVO | systemd: INATIVO (inactive).
Aviso: 'systemctl is-active' devolveu código 3; saída completa acima.
❌ Monitor deveria ter activado a URL secundária após ausência de heartbeats, mas nem monitor nem serviço estão a emitir. Motivo reportado: ActiveState=inactive (dead); Result=success; ExecMainStatus=0.

