2025-10-04 20:05:50 [youtube_fallback] Serviço iniciado (PID 3932)
[youtube_fallback] Envio contínuo → rtmps://b.rtmps.youtube.com/live2/f4ex-ztrk-vc4h-2pvc-2kg4?backup=1
[youtube_fallback] 1280x720@30 | V=1500k/1800k/3000k | A=128k@48000 | Delay=3.0s | GOP=60
[swscaler @ 0x55ca861c1100] deprecated pixel format used, make sure you did set range correctly
2025-10-04 20:06:06 [youtube_fallback] Serviço terminou (exit 0)
av_interleaved_write_frame(): Immediate exit requested
    Last message repeated 1 times
[flv @ 0x55ca85d0bc40] Failed to update header with correct duration.
[flv @ 0x55ca85d0bc40] Failed to update header with correct filesize.
Error writing trailer of rtmps://b.rtmps.youtube.com/live2/f4ex-ztrk-vc4h-2pvc-2kg4?backup=1: Immediate exit requested
2025-10-04 20:06:06 [youtube_fallback] Serviço iniciado (PID 4009)
[youtube_fallback] Envio contínuo → rtmps://b.rtmps.youtube.com/live2/f4ex-ztrk-vc4h-2pvc-2kg4?backup=1
[youtube_fallback] 1280x720@30 | V=1500k/1800k/3000k | A=128k@48000 | Delay=3.0s | GOP=60
[swscaler @ 0x555d34602100] deprecated pixel format used, make sure you did set range correctly
2025-10-04 20:06:31 [youtube_fallback] Serviço terminou (exit 0)
av_interleaved_write_frame(): Immediate exit requested
    Last message repeated 1 times
[flv @ 0x555d3414cc40] Failed to update header with correct duration.
[flv @ 0x555d3414cc40] Failed to update header with correct filesize.
Error writing trailer of rtmps://b.rtmps.youtube.com/live2/f4ex-ztrk-vc4h-2pvc-2kg4?backup=1: Immediate exit requested
2025-10-04 20:06:59 [youtube_fallback] Serviço iniciado (PID 660)
[youtube_fallback] Envio contínuo → rtmps://b.rtmps.youtube.com/live2/f4ex-ztrk-vc4h-2pvc-2kg4?backup=1
[youtube_fallback] 1280x720@30 | V=1500k/1800k/3000k | A=128k@48000 | Delay=3.0s | GOP=60
[swscaler @ 0x55f188b4b100] deprecated pixel format used, make sure you did set range correctly
